[2017-01-14 04:53:19] uc.INFO: 删除ID为8的产品线记录成功 [] 
[2017-01-14 04:53:47] uc.ERROR: id是8的记录已删除，不能再次删除 ["class:DomainController","function:deleteAction","line:237"] 
[2017-01-14 05:02:03] uc.INFO: 删除ID为26的产品线记录成功 [] 
[2017-01-14 05:03:01] uc.INFO: 删除ID为25的产品线记录成功 [] 
[2017-01-14 05:04:35] uc.ERROR: id是8的记录已删除，不能再次删除 ["class:DomainController","function:deleteAction","line:237"] 
[2017-01-14 05:05:30] uc.INFO: 删除ID为8的产品线记录成功 [] 
[2017-01-14 05:12:36] uc.INFO: 删除ID为8的产品线记录成功 [] 
[2017-01-14 05:32:47] uc.INFO: ID为23的记录删除记录成功 [] 
[2017-01-14 05:35:26] uc.INFO: ID为23的记录删除记录成功 [] 
[2017-01-14 05:36:20] uc.ERROR: 调用该接口必须填写token ["class:ApiController","function:rolesAction","line:149"] 
[2017-01-14 05:36:44] uc.ERROR: 该用户已经删除 ["class:ApiController","function:rolesAction","line:173"] 
[2017-01-14 05:37:05] uc.INFO: 用户ID为23的用户在产品线ID为7产品线下的角色如下 [{"role_id":"11","role_name":"???"},{"role_id":"13","role_name":"test58"}] 
[2017-01-14 05:38:17] uc.INFO: ID为23的记录删除记录成功 [] 
[2017-01-14 05:39:49] uc.INFO: ID为23的记录删除记录成功 [] 
[2017-01-14 05:59:29] uc.ERROR: 产品线ID不能为空 ["class:RoleController","function:addAction","line:24"] 
[2017-01-14 06:00:14] uc.ERROR: 角色名称不能为空 ["class:RoleController","function:addAction","line:51"] 
[2017-01-14 06:00:34] uc.ERROR: 角色名称不能为空 ["class:RoleController","function:addAction","line:51"] 
[2017-01-14 06:01:01] uc.ERROR: 角色描述不能为空 ["class:RoleController","function:addAction","line:57"] 
[2017-01-14 06:01:17] uc.INFO: 角色添加成功 ["domain_id:8","role_name:come on baby","role_desc:i love u","role_type:1","status:1","create_time:1484344877","update_time:1484344877"] 
[2017-01-14 06:02:30] uc.INFO: 角色添加成功 ["domain_id:8","role_name:come on baby aini","role_desc:i love u","role_type:1","status:1","create_time:1484344950","update_time:1484344950"] 
[2017-01-14 06:03:13] uc.INFO: 角色添加成功 ["domain_id:8","role_name:come on baby ai","role_desc:i love u","role_type:1","status:1","create_time:1484344993","update_time:1484344993"] 
[2017-01-14 06:04:54] uc.INFO: 角色添加成功 ["domain_id:8","role_name:come on baby a","role_desc:i love u","role_type:1","status:1","create_time:1484345094","update_time:1484345094"] 
[2017-01-14 06:06:21] uc.INFO: 角色添加成功 ["domain_id:8","role_name:come on baby at","role_desc:i love u","role_type:1","status:1","create_time:1484345181","update_time:1484345181"] 
[2017-01-14 06:06:49] uc.INFO: 角色添加成功 ["domain_id:8","role_name:come on baby atu","role_desc:i love u","role_type:1","status:1","create_time:1484345209","update_time:1484345209"] 
[2017-01-14 06:07:04] uc.ERROR: 该产品线的该角色已经存在 ["class:RoleController","function:addAction","line:46"] 
[2017-01-14 06:08:06] uc.ERROR: 该产品线的该角色已经存在 ["class:RoleController","function:addAction","line:48"] 
[2017-01-14 06:09:59] uc.INFO: 角色添加成功 ["domain_id:8","role_name:come on baby atut","role_desc:i love u","role_type:1","status:1","create_time:1484345399","update_time:1484345399"] 
[2017-01-14 06:19:35] uc.ERROR: ID不能为空 ["class:RoleController","function:updateAction","line:137"] 
[2017-01-14 06:20:31] uc.ERROR: 不能修改为同一产品线下已存在的角色名称 ["class:RoleController","function:updateAction","line:164"] 
[2017-01-14 06:21:48] uc.ERROR: 更新ID为28的角色信息成功 {"role_name":"come on baby atutmmmg","role_desc":"i love u mmm","update_time":1484346108} 
[2017-01-14 06:39:49] uc.ERROR: id是28的记录删除成功 ["class:RoleController","function:deleteAction","line:288"] 
[2017-01-14 06:40:20] uc.ERROR: id是28的记录已删除，不能再次删除 ["class:RoleController","function:deleteAction","line:261"] 
[2017-01-14 06:40:48] uc.ERROR: id是27的记录删除成功 ["class:RoleController","function:deleteAction","line:288"] 
[2017-01-14 06:41:29] uc.ERROR: id是26的记录删除成功 ["class:RoleController","function:deleteAction","line:288"] 
[2017-01-14 06:42:29] uc.ERROR: id是25的记录删除成功 ["class:RoleController","function:deleteAction","line:288"] 
[2017-01-14 06:43:14] uc.ERROR: id是24的记录删除成功 ["class:RoleController","function:deleteAction","line:288"] 
[2017-01-14 06:43:58] uc.ERROR: id是23的记录删除成功 ["class:RoleController","function:deleteAction","line:288"] 
[2017-01-14 06:44:26] uc.ERROR: id是22的记录删除成功 ["class:RoleController","function:deleteAction","line:288"] 
[2017-01-14 06:45:44] uc.ERROR: id是22的记录删除成功 ["class:RoleController","function:deleteAction","line:288"] 
[2017-01-14 06:46:12] uc.ERROR: id是23的记录删除成功 ["class:RoleController","function:deleteAction","line:288"] 
[2017-01-14 06:46:55] uc.ERROR: id是24的记录删除成功 ["class:RoleController","function:deleteAction","line:288"] 
[2017-01-14 06:47:53] uc.ERROR: id是25的记录删除成功 ["class:RoleController","function:deleteAction","line:288"] 
[2017-01-14 06:49:28] uc.ERROR: id是28的记录删除成功 ["class:RoleController","function:deleteAction","line:288"] 
[2017-01-14 06:51:01] uc.ERROR: id是26的记录删除成功 ["class:RoleController","function:deleteAction","line:288"] 
[2017-01-14 06:51:01] uc.ERROR: id是27的记录删除成功 ["class:RoleController","function:deleteAction","line:288"] 
[2017-01-14 06:51:01] uc.ERROR: id是28的记录删除成功 ["class:RoleController","function:deleteAction","line:288"] 
[2017-01-14 06:57:28] uc.ERROR: id是26的记录删除成功 ["class:RoleController","function:deleteAction","line:288"] 
[2017-01-14 06:57:28] uc.ERROR: id是27的记录删除成功 ["class:RoleController","function:deleteAction","line:288"] 
[2017-01-14 06:57:28] uc.ERROR: id是28的记录删除成功 ["class:RoleController","function:deleteAction","line:288"] 
[2017-01-14 06:59:51] uc.ERROR: id是26的记录删除成功 ["class:RoleController","function:deleteAction","line:288"] 
[2017-01-14 06:59:51] uc.ERROR: id是27的记录删除成功 ["class:RoleController","function:deleteAction","line:288"] 
[2017-01-14 06:59:51] uc.ERROR: id是28的记录删除成功 ["class:RoleController","function:deleteAction","line:288"] 
[2017-01-14 07:00:48] uc.ERROR: id是26的记录删除成功 ["class:RoleController","function:deleteAction","line:288"] 
[2017-01-14 07:00:48] uc.ERROR: id是27的记录删除成功 ["class:RoleController","function:deleteAction","line:288"] 
[2017-01-14 07:00:48] uc.ERROR: id是28的记录删除成功 ["class:RoleController","function:deleteAction","line:288"] 
[2017-01-14 07:01:40] uc.ERROR: id是26的记录删除成功 ["class:RoleController","function:deleteAction","line:288"] 
[2017-01-14 07:01:40] uc.ERROR: id是27的记录删除成功 ["class:RoleController","function:deleteAction","line:288"] 
[2017-01-14 07:01:40] uc.ERROR: id是28的记录删除成功 ["class:RoleController","function:deleteAction","line:288"] 
[2017-01-14 07:02:39] uc.ERROR: id是26的记录删除成功 ["class:RoleController","function:deleteAction","line:288"] 
[2017-01-14 07:02:39] uc.ERROR: id是27的记录删除成功 ["class:RoleController","function:deleteAction","line:288"] 
[2017-01-14 07:02:39] uc.ERROR: id是28的记录删除成功 ["class:RoleController","function:deleteAction","line:288"] 
[2017-01-14 07:05:46] uc.ERROR: id是18的记录已删除，不能再次删除 ["class:RoleController","function:deleteAction","line:261"] 
[2017-01-14 07:06:03] uc.ERROR: id是19的记录已删除，不能再次删除 ["class:RoleController","function:deleteAction","line:261"] 
[2017-01-14 07:06:35] uc.ERROR: id是18的记录删除成功 ["class:RoleController","function:deleteAction","line:288"] 
[2017-01-14 07:06:35] uc.ERROR: id是19的记录删除成功 ["class:RoleController","function:deleteAction","line:288"] 
[2017-01-14 11:41:35] uc.INFO: id是13的记录删除成功 [] 
[2017-01-14 12:47:07] uc.INFO: id是6的记录删除成功 [] 
[2017-01-14 12:52:41] uc.INFO: id是6的记录删除成功 [] 
[2017-01-14 12:53:53] uc.INFO: id是6的记录删除成功 [] 
[2017-01-14 12:55:57] uc.INFO: id是6的记录删除成功 [] 
[2017-01-14 12:57:02] uc.INFO: id是6的记录删除成功 [] 
[2017-01-14 12:58:45] uc.INFO: id是6的记录删除成功 [] 
[2017-01-14 12:59:45] uc.INFO: id是6的记录删除成功 [] 
[2017-01-14 14:37:07] uc.INFO: id是6的记录删除成功 [] 
[2017-01-14 14:44:10] uc.INFO: id是6的记录删除成功 [] 
[2017-01-14 14:46:55] uc.INFO: id是6的记录删除成功 [] 
[2017-01-14 14:48:51] uc.INFO: id是6的记录删除成功 [] 
[2017-01-14 14:50:06] uc.INFO: id是6的记录删除成功 [] 
[2017-01-14 14:51:13] uc.INFO: id是6的记录删除成功 [] 
[2017-01-14 14:53:44] uc.INFO: id是6的记录删除成功 [] 
[2017-01-14 14:54:43] uc.INFO: id是6的记录删除成功 [] 
[2017-01-14 14:57:56] uc.INFO: id是6的记录删除成功 [] 
[2017-01-14 15:01:34] uc.INFO: id是6的记录删除成功 [] 
[2017-01-14 15:03:57] uc.INFO: id是6的记录删除成功 [] 
[2017-01-14 15:04:37] uc.INFO: id是6的记录删除成功 [] 
[2017-01-14 15:20:49] uc.INFO: id是3的记录删除成功 [] 
[2017-01-14 15:20:49] uc.INFO: id是5的记录删除成功 [] 
[2017-01-14 15:20:49] uc.INFO: id是6的记录删除成功 [] 
[2017-01-14 15:21:29] uc.INFO: id是3的记录删除成功 [] 
[2017-01-14 15:21:29] uc.INFO: id是5的记录删除成功 [] 
[2017-01-14 15:21:29] uc.INFO: id是6的记录删除成功 [] 
[2017-01-14 15:22:22] uc.INFO: id是3的记录删除成功 [] 
[2017-01-14 15:22:22] uc.INFO: id是5的记录删除成功 [] 
[2017-01-14 15:22:22] uc.INFO: id是6的记录删除成功 [] 
[2017-01-14 15:23:24] uc.INFO: id是3的记录删除成功 [] 
[2017-01-14 15:23:24] uc.INFO: id是5的记录删除成功 [] 
[2017-01-14 15:23:24] uc.INFO: id是6的记录删除成功 [] 
[2017-01-14 15:24:07] uc.INFO: id是3的记录删除成功 [] 
[2017-01-14 15:24:07] uc.INFO: id是5的记录删除成功 [] 
[2017-01-14 15:24:07] uc.INFO: id是6的记录删除成功 [] 
[2017-01-14 15:47:09] uc.ERROR: 该角色已经删除 ["class:GrantController","function:add_roleAction","line:53"] 
[2017-01-14 15:48:02] uc.INFO: 授权成功 ["用户ID：33,产品线ID：8,角色ID：28"] 
[2017-01-14 15:50:09] uc.INFO: 授权成功 ["用户ID：34,产品线ID：8,角色ID：28"] 
[2017-01-14 15:50:56] uc.INFO: 授权成功 ["用户ID：35,产品线ID：8,角色ID：28"] 
[2017-01-14 15:51:54] uc.ERROR: 该用户已经删除 ["class:GrantController","function:add_roleAction","line:29"] 
[2017-01-14 16:03:53] uc.ERROR: 该用户已经删除 ["class:GrantController","function:add_roleAction","line:29"] 
[2017-01-14 16:05:24] uc.INFO: 授权成功 ["用户ID：33,产品线ID：8,角色ID：27"] 
[2017-01-14 16:05:45] uc.INFO: 授权成功 ["用户ID：33,产品线ID：8,角色ID：26"] 
[2017-01-14 16:18:49] uc.INFO: 授权成功 ["用户ID：34,产品线ID：8,角色ID：27"] 
[2017-01-14 16:19:59] uc.INFO: 授权成功 ["用户ID：34,产品线ID：8,角色ID：26"] 
[2017-01-14 16:21:05] uc.INFO: 授权成功 ["用户ID：34,产品线ID：8,角色ID：25"] 
[2017-01-14 16:22:01] uc.INFO: 授权成功 ["用户ID：35,产品线ID：8,角色ID：27"] 
[2017-01-14 16:22:25] uc.INFO: 授权成功 ["用户ID：35,产品线ID：8,角色ID：26"] 
[2017-01-14 16:22:34] uc.INFO: 授权成功 ["用户ID：35,产品线ID：8,角色ID：25"] 
[2017-01-14 17:21:24] uc.DEBUG: 角色收回成功 ["user_id:35","role_id27"] 
[2017-01-14 17:22:17] uc.DEBUG: 角色收回成功 ["user_id:35","role_id26"] 
[2017-01-14 17:23:18] uc.DEBUG: 角色收回成功 ["user_id:34","role_id27"] 
[2017-01-14 17:24:24] uc.DEBUG: 角色收回成功 ["user_id:34","role_id26"] 
[2017-01-14 17:25:29] uc.DEBUG: 角色收回成功 ["user_id:34","role_id25"] 
[2017-01-14 17:26:10] uc.ERROR: 该用户没有您要删除的角色 ["class:GrantController","function:del_roleAction","line:124"] 
[2017-01-14 17:31:15] uc.DEBUG: 角色收回成功 ["user_id:33","role_id26"] 
[2017-01-14 17:33:59] uc.DEBUG: 角色收回成功 ["user_id:33","role_id27"] 
[2017-01-14 17:35:10] uc.DEBUG: 角色收回成功 ["user_id:34","role_id28"] 
[2017-01-14 17:35:42] uc.INFO: 授权成功 ["用户ID：34,产品线ID：8,角色ID：28"] 
[2017-01-14 17:35:49] uc.INFO: 授权成功 ["用户ID：34,产品线ID：8,角色ID：27"] 
[2017-01-14 17:35:55] uc.INFO: 授权成功 ["用户ID：34,产品线ID：8,角色ID：26"] 
[2017-01-14 17:36:09] uc.DEBUG: 角色收回成功 ["user_id:34","role_id26"] 
[2017-01-14 17:36:49] uc.INFO: 授权成功 ["用户ID：34,产品线ID：8,角色ID：26"] 
[2017-01-14 17:37:03] uc.INFO: 授权成功 ["用户ID：34,产品线ID：8,角色ID：25"] 
[2017-01-14 17:37:30] uc.DEBUG: 角色收回成功 ["user_id:34","role_id25"] 
[2017-01-14 17:49:01] uc.INFO: 授权成功 ["用户ID：34,产品线ID：8,角色ID：25"] 
[2017-01-14 17:50:02] uc.DEBUG: 角色收回成功 ["user_id:34","role_id25"] 
[2017-01-14 17:51:16] uc.INFO: 授权成功 ["用户ID：34,产品线ID：8,角色ID：25"] 
[2017-01-14 17:51:30] uc.DEBUG: 角色收回成功 ["user_id:34","role_id25"] 
[2017-01-14 17:53:06] uc.INFO: 授权成功 ["用户ID：34,产品线ID：8,角色ID：25"] 
[2017-01-14 17:54:36] uc.DEBUG: 角色收回成功 ["user_id:34","role_id25"] 
[2017-01-14 17:57:28] uc.DEBUG: 角色收回成功 ["user_id:34","role_id28"] 
[2017-01-14 18:00:36] uc.INFO: 授权成功 ["用户ID：34,产品线ID：8,角色ID：28"] 
[2017-01-14 18:00:47] uc.DEBUG: 角色收回成功 ["user_id:34","role_id28"] 
[2017-01-14 18:02:05] uc.DEBUG: 角色收回成功 ["user_id:34","role_id27"] 
[2017-01-14 18:03:55] uc.DEBUG: 角色收回成功 ["user_id:34","role_id26"] 
[2017-01-14 18:05:50] uc.INFO: 授权成功 ["用户ID：34,产品线ID：8,角色ID：26"] 
[2017-01-14 18:06:09] uc.DEBUG: 角色收回成功 ["user_id:34","role_id26"] 
[2017-01-14 18:07:18] uc.INFO: 授权成功 ["用户ID：34,产品线ID：8,角色ID：26"] 
[2017-01-14 18:07:36] uc.DEBUG: 角色收回成功 ["user_id:34","role_id26"] 
[2017-01-14 18:09:16] uc.INFO: 授权成功 ["用户ID：34,产品线ID：8,角色ID：26"] 
[2017-01-14 18:09:33] uc.DEBUG: 角色收回成功 ["user_id:34","role_id26"] 
[2017-01-14 18:12:06] uc.INFO: 授权成功 ["用户ID：34,产品线ID：8,角色ID：26"] 
[2017-01-14 18:12:21] uc.DEBUG: 角色收回成功 ["user_id:34","role_id26"] 
[2017-01-14 18:14:26] uc.INFO: 授权成功 ["用户ID：34,产品线ID：8,角色ID：26"] 
[2017-01-14 18:14:42] uc.DEBUG: 角色收回成功 ["user_id:34","role_id26"] 
[2017-01-14 18:32:38] uc.ERROR: 该权限已经删除 ["class:GrantController","function:add_resourceAction","line:198"] 
[2017-01-14 18:33:26] uc.INFO: 添加权限成功 ["role_id28","resource_id6"] 
[2017-01-14 18:38:37] uc.INFO: 添加权限成功 ["role_id28","resource_id7"] 
[2017-01-14 19:26:54] uc.INFO: 添加权限成功 ["role_id28","resource_id8"] 
[2017-01-14 19:52:52] uc.ERROR: 权限收回成功 ["role_id:28",",resource_id:8"] 
[2017-01-14 19:53:57] uc.ERROR: 权限收回成功 ["role_id:28",",resource_id:7"] 
[2017-01-14 19:54:44] uc.ERROR: 权限收回成功 ["role_id:28",",resource_id:6"] 
[2017-01-14 19:55:40] uc.INFO: 添加权限成功 ["role_id28","resource_id6"] 
[2017-01-14 19:55:43] uc.INFO: 添加权限成功 ["role_id28","resource_id7"] 
[2017-01-14 19:55:47] uc.INFO: 添加权限成功 ["role_id28","resource_id8"] 
[2017-01-14 19:56:13] uc.ERROR: 权限收回成功 ["role_id:28",",resource_id:8"] 
[2017-01-14 19:56:42] uc.ERROR: 权限收回成功 ["role_id:28",",resource_id:7"] 
[2017-01-14 19:58:35] uc.ERROR: 权限收回成功 ["role_id:28",",resource_id:6"] 
[2017-01-14 20:23:25] uc.INFO: 添加权限成功 ["role_id28","resource_id6"] 
[2017-01-14 20:25:23] uc.ERROR: 该角色已经被授予过该权限，不能再次授予 ["class:GrantController","function:add_resourceAction","line:210"] 
[2017-01-14 20:25:35] uc.INFO: 添加权限成功 ["role_id28","resource_id7"] 
[2017-01-14 20:25:39] uc.INFO: 添加权限成功 ["role_id28","resource_id8"] 
[2017-01-14 20:25:55] uc.ERROR: 权限收回成功 ["role_id:28",",resource_id:8"] 
[2017-01-14 20:28:47] uc.ERROR: 权限收回成功 ["role_id:28",",resource_id:7"] 
[2017-01-14 20:31:26] uc.ERROR: 权限收回成功 ["role_id:28",",resource_id:6"] 
[2017-01-14 20:33:17] uc.INFO: 添加权限成功 ["role_id28","resource_id6"] 
[2017-01-14 23:59:33] uc.ERROR: 权限收回成功 ["role_id:28",",resource_id:6"] 
