[2017-01-15 00:07:32] uc.INFO: 添加权限成功 ["role_id28","resource_id6"] 
[2017-01-15 00:07:50] uc.ERROR: 权限收回成功 ["role_id:28",",resource_id:6"] 
[2017-01-15 00:09:48] uc.INFO: 添加权限成功 ["role_id28","resource_id6"] 
[2017-01-15 00:10:13] uc.ERROR: 权限收回成功 ["role_id:28",",resource_id:6"] 
[2017-01-15 00:13:26] uc.INFO: 添加权限成功 ["role_id28","resource_id6"] 
[2017-01-15 00:14:40] uc.INFO: 添加权限成功 ["role_id28","resource_id7"] 
[2017-01-15 00:16:54] uc.ERROR: 该角色已经被授予过该权限，不能再次授予 ["class:GrantController","function:add_resourceAction","line:210"] 
[2017-01-15 00:18:42] uc.ERROR: 该权限已经删除 ["class:GrantController","function:add_resourceAction","line:198"] 
[2017-01-15 00:19:01] uc.INFO: 添加权限成功 ["role_id28","resource_id8"] 
[2017-01-15 00:20:19] uc.ERROR: 权限收回成功 ["role_id:28",",resource_id:8"] 
[2017-01-15 00:34:47] uc.INFO: 删除ID为8的产品线记录成功 [] 
[2017-01-15 00:36:14] uc.INFO: 删除ID为8的产品线记录成功 [] 
[2017-01-15 00:38:09] uc.INFO: 删除ID为8的产品线记录成功 [] 
[2017-01-15 00:38:55] uc.INFO: 删除ID为8的产品线记录成功 [] 
[2017-01-15 00:39:42] uc.INFO: 删除ID为8的产品线记录成功 [] 
[2017-01-15 00:40:02] uc.INFO: 删除ID为8的产品线记录成功 [] 
[2017-01-15 00:43:09] uc.INFO: 角色添加成功 ["domain_id:7","role_name:uuuuuu","role_desc:iiiiiiiiiiiiiiiiii","role_type:1","status:1","create_time:1484412189","update_time:1484412189"] 
[2017-01-15 00:43:41] uc.INFO: 角色添加成功 ["domain_id:8","role_name:uuuuuu","role_desc:iiiiiiiiiiiiiiiiii","role_type:1","status:1","create_time:1484412221","update_time:1484412221"] 
[2017-01-15 00:46:22] uc.ERROR: ID不能为空 ["class:RoleController","function:updateAction","line:137"] 
[2017-01-15 00:46:33] uc.ERROR: 更新ID为30的角色信息成功 {"role_name":"uuuuuuiiiiiii","role_desc":"iiiiiiiiiiiiiiiiiiyy","update_time":1484412393} 
[2017-01-15 00:47:48] uc.ERROR: id是30的记录删除成功 ["class:RoleController","function:deleteAction","line:288"] 
[2017-01-15 00:48:45] uc.ERROR: id是29的记录删除成功 ["class:RoleController","function:deleteAction","line:288"] 
[2017-01-15 00:49:45] uc.ERROR: id是29的记录删除成功 ["class:RoleController","function:deleteAction","line:288"] 
[2017-01-15 00:49:45] uc.ERROR: id是30的记录删除成功 ["class:RoleController","function:deleteAction","line:288"] 
[2017-01-15 00:50:50] uc.ERROR: id是29的记录删除成功 ["class:RoleController","function:deleteAction","line:288"] 
[2017-01-15 00:50:50] uc.ERROR: id是30的记录删除成功 ["class:RoleController","function:deleteAction","line:288"] 
[2017-01-15 00:53:27] uc.ERROR: id是29的记录删除成功 ["class:RoleController","function:deleteAction","line:288"] 
[2017-01-15 00:53:27] uc.ERROR: id是30的记录删除成功 ["class:RoleController","function:deleteAction","line:288"] 
[2017-01-15 00:54:06] uc.ERROR: id是29的记录删除成功 ["class:RoleController","function:deleteAction","line:288"] 
[2017-01-15 00:54:06] uc.ERROR: id是30的记录删除成功 ["class:RoleController","function:deleteAction","line:288"] 
[2017-01-15 00:56:17] uc.ERROR: id是29的记录已删除，不能再次删除 ["class:RoleController","function:deleteAction","line:261"] 
[2017-01-15 00:58:01] uc.ERROR: id是29的记录删除成功 ["class:RoleController","function:deleteAction","line:288"] 
[2017-01-15 00:58:01] uc.ERROR: id是30的记录删除成功 ["class:RoleController","function:deleteAction","line:288"] 
[2017-01-15 01:02:55] uc.ERROR: id是29的记录已删除，不能再次删除 ["class:UserController","function:deleteAction","line:253"] 
[2017-01-15 01:03:02] uc.INFO: ID为35的记录删除记录成功 [] 
[2017-01-15 01:05:06] uc.INFO: ID为35的记录删除记录成功 [] 
[2017-01-15 01:05:06] uc.INFO: ID为33的记录删除记录成功 [] 
[2017-01-15 01:10:50] uc.INFO: id是35的记录删除成功 [] 
[2017-01-15 01:10:50] uc.INFO: id是33的记录删除成功 [] 
[2017-01-15 01:11:06] uc.INFO: id是6的记录删除成功 [] 
[2017-01-15 01:13:09] uc.INFO: id是6的记录删除成功 [] 
[2017-01-15 04:09:49] uc.INFO: id是6的记录删除成功 [] 
[2017-01-15 04:13:25] uc.INFO: id是6的记录删除成功 [] 
[2017-01-15 04:15:15] uc.INFO: id是6的记录删除成功 [] 
[2017-01-15 04:17:44] uc.INFO: id是6的记录删除成功 [] 
[2017-01-15 04:19:09] uc.INFO: id是6的记录删除成功 [] 
[2017-01-15 04:25:34] uc.INFO: id是6的记录删除成功 [] 
[2017-01-15 04:26:35] uc.INFO: id是6的记录删除成功 [] 
[2017-01-15 04:30:19] uc.INFO: id是6的记录删除成功 [] 
[2017-01-15 04:33:23] uc.INFO: id是6的记录删除成功 [] 
[2017-01-15 04:37:51] uc.INFO: id是6的记录删除成功 [] 
[2017-01-15 04:50:50] uc.INFO: id是6的记录删除成功 [] 
[2017-01-15 04:52:10] uc.INFO: id是6的记录删除成功 [] 
[2017-01-15 04:53:45] uc.INFO: id是6的记录删除成功 [] 
[2017-01-15 04:55:40] uc.INFO: id是6的记录删除成功 [] 
[2017-01-15 04:55:46] uc.ERROR: id是6的记录已删除，不能再次删除 ["class:ResourceController","function:deleteAction","line:229"] 
[2017-01-15 04:56:04] uc.INFO: id是6的记录删除成功 [] 
[2017-01-15 04:56:43] uc.INFO: id是6的记录删除成功 [] 
[2017-01-15 05:02:17] uc.INFO: id是6的记录删除成功 [] 
[2017-01-15 05:05:09] uc.ERROR: id是3的记录已删除，不能再次删除 ["class:ResourceController","function:deleteAction","line:229"] 
[2017-01-15 05:05:37] uc.INFO: id是6的记录删除成功 [] 
[2017-01-15 05:05:37] uc.INFO: id是3的记录删除成功 [] 
[2017-01-15 05:06:58] uc.INFO: id是6的记录删除成功 [] 
[2017-01-15 05:06:58] uc.INFO: id是3的记录删除成功 [] 
[2017-01-15 05:08:11] uc.INFO: id是6的记录删除成功 [] 
[2017-01-15 05:08:11] uc.INFO: id是3的记录删除成功 [] 
[2017-01-15 05:15:49] uc.INFO: 授权成功 ["用户ID：30,产品线ID：8,角色ID：25"] 
[2017-01-15 05:25:07] uc.INFO: 授权成功 ["用户ID：30,产品线ID：8,角色ID：26"] 
[2017-01-15 05:25:54] uc.INFO: 授权成功 ["用户ID：31,产品线ID：8,角色ID：25"] 
[2017-01-15 05:26:59] uc.INFO: 授权成功 ["用户ID：31,产品线ID：8,角色ID：26"] 
[2017-01-15 05:29:22] uc.INFO: 授权成功 ["用户ID：31,产品线ID：8,角色ID：27"] 
[2017-01-15 05:44:04] uc.INFO: 授权成功 ["用户ID：32,产品线ID：8,角色ID：27"] 
[2017-01-15 05:47:11] uc.INFO: 授权成功 ["用户ID：32,产品线ID：8,角色ID：28"] 
[2017-01-15 05:47:48] uc.INFO: 授权成功 ["用户ID：32,产品线ID：7,角色ID：29"] 
[2017-01-15 05:51:23] uc.INFO: 授权成功 ["用户ID：32,产品线ID：8,角色ID：30"] 
[2017-01-15 05:52:14] uc.INFO: 授权成功 ["用户ID：34,产品线ID：8,角色ID：30"] 
[2017-01-15 05:53:08] uc.DEBUG: 角色收回成功 ["user_id:34","role_id30"] 
[2017-01-15 05:53:59] uc.ERROR: 该用户没有您要删除的角色 ["class:GrantController","function:del_roleAction","line:124"] 
[2017-01-15 05:55:03] uc.INFO: 授权成功 ["用户ID：34,产品线ID：8,角色ID：26"] 
[2017-01-15 05:55:36] uc.INFO: 授权成功 ["用户ID：34,产品线ID：8,角色ID：30"] 
[2017-01-15 05:56:12] uc.DEBUG: 角色收回成功 ["user_id:34","role_id30"] 
[2017-01-15 05:56:42] uc.DEBUG: 角色收回成功 ["user_id:34","role_id26"] 
[2017-01-15 05:57:17] uc.INFO: 授权成功 ["用户ID：34,产品线ID：8,角色ID：26"] 
[2017-01-15 05:57:42] uc.INFO: 授权成功 ["用户ID：34,产品线ID：8,角色ID：30"] 
[2017-01-15 05:58:03] uc.DEBUG: 角色收回成功 ["user_id:34","role_id30"] 
[2017-01-15 05:58:22] uc.DEBUG: 角色收回成功 ["user_id:34","role_id26"] 
[2017-01-15 05:58:40] uc.INFO: 授权成功 ["用户ID：34,产品线ID：8,角色ID：26"] 
[2017-01-15 12:38:36] uc.ERROR: 调用该接口必须填写token ["class:ApiController","function:resourcesAction","line:32"] 
